2023-01-12 21:43:47.463 | INFO     | src.session:__init__:44 - Auth completed (+380508091700)
2023-01-12 21:43:48.946 | INFO     | src.session:__init__:44 - Auth completed (kos161rus@rambler.ru)
2023-01-12 21:43:48.948 | WARNING  | __main__:do_job:13 - Session loaded!
2023-01-12 21:43:50.101 | DEBUG    | src.session:_check_link:63 - https://vk.com/wall-55824037_59731 post VALID
2023-01-12 21:43:50.310 | SUCCESS  | src.session:comment_posts:96 - {'comment_id': 59750, 'parents_stack': []} | wall-55824037_59731 | Account: kos161rus@rambler.ru
2023-01-12 21:43:50.372 | DEBUG    | src.session:_check_link:63 - https://vk.com/wall-55824037_59731 post VALID
2023-01-12 21:43:50.562 | SUCCESS  | src.session:comment_posts:96 - {'comment_id': 59751, 'parents_stack': []} | wall-55824037_59731 | Account: +380508091700
2023-01-12 21:43:54.163 | DEBUG    | src.session:_check_link:61 - https://vk.com/wall-85784378_20527 post DELETED
2023-01-12 21:43:54.394 | DEBUG    | src.session:_check_link:61 - https://vk.com/wall-85784378_20527 post DELETED
2023-01-12 21:43:54.990 | DEBUG    | src.session:_check_link:61 - https://vk.com/wall-72684701_13436 post DELETED
2023-01-12 21:43:55.261 | DEBUG    | src.session:_check_link:61 - https://vk.com/wall-72684701_13436 post DELETED
2023-01-12 21:43:55.932 | DEBUG    | src.session:_check_link:63 - https://vk.com/wall-25806297_26472 post VALID
2023-01-12 21:43:56.138 | SUCCESS  | src.session:comment_posts:96 - {'comment_id': 26496, 'parents_stack': []} | wall-25806297_26472 | Account: kos161rus@rambler.ru
2023-01-12 21:43:56.231 | DEBUG    | src.session:_check_link:63 - https://vk.com/wall-25806297_26472 post VALID
2023-01-12 21:43:56.414 | SUCCESS  | src.session:comment_posts:96 - {'comment_id': 26497, 'parents_stack': []} | wall-25806297_26472 | Account: +380508091700
2023-01-12 21:44:00.061 | DEBUG    | src.session:_check_link:63 - https://vk.com/wall-32738198_2138 post VALID
2023-01-12 21:44:00.279 | SUCCESS  | src.session:comment_posts:96 - {'comment_id': 2150, 'parents_stack': []} | wall-32738198_2138 | Account: kos161rus@rambler.ru
2023-01-12 21:44:00.361 | DEBUG    | src.session:_check_link:63 - https://vk.com/wall-32738198_2138 post VALID
2023-01-12 21:44:00.590 | SUCCESS  | src.session:comment_posts:96 - {'comment_id': 2151, 'parents_stack': []} | wall-32738198_2138 | Account: +380508091700
2023-01-12 21:44:04.218 | DEBUG    | src.session:_check_link:61 - https://vk.com/wall-96655250_39377 post DELETED
2023-01-12 21:44:04.428 | DEBUG    | src.session:_check_link:61 - https://vk.com/wall-96655250_39377 post DELETED
2023-01-12 21:44:05.117 | DEBUG    | src.session:_check_link:61 - https://vk.com/wall-80488190_7284 post DELETED
2023-01-12 21:44:05.353 | DEBUG    | src.session:_check_link:61 - https://vk.com/wall-80488190_7284 post DELETED
2023-01-12 21:44:05.989 | DEBUG    | src.session:_check_link:61 - https://vk.com/wall-2100227_3698 post DELETED
2023-01-12 21:44:06.232 | DEBUG    | src.session:_check_link:61 - https://vk.com/wall-2100227_3698 post DELETED
2023-01-12 21:44:06.926 | DEBUG    | src.session:_check_link:63 - https://vk.com/wall-1958298_7759 post VALID
2023-01-12 21:44:07.108 | SUCCESS  | src.session:comment_posts:96 - {'comment_id': 7774, 'parents_stack': []} | wall-1958298_7759 | Account: kos161rus@rambler.ru
2023-01-12 21:44:07.179 | DEBUG    | src.session:_check_link:63 - https://vk.com/wall-1958298_7759 post VALID
2023-01-12 21:44:07.365 | SUCCESS  | src.session:comment_posts:96 - {'comment_id': 7775, 'parents_stack': []} | wall-1958298_7759 | Account: +380508091700
2023-01-12 21:44:11.034 | DEBUG    | src.session:_check_link:61 - https://vk.com/wall-186519_116450 post DELETED
2023-01-12 21:44:11.258 | DEBUG    | src.session:_check_link:61 - https://vk.com/wall-186519_116450 post DELETED
2023-01-12 21:44:11.996 | DEBUG    | src.session:_check_link:61 - https://vk.com/wall-80504161_830810 post DELETED
2023-01-12 21:44:12.244 | DEBUG    | src.session:_check_link:61 - https://vk.com/wall-80504161_830810 post DELETED
2023-01-12 21:44:12.884 | DEBUG    | src.session:_check_link:61 - https://vk.com/wall-94579850_8653 post DELETED
2023-01-12 21:44:13.125 | DEBUG    | src.session:_check_link:61 - https://vk.com/wall-94579850_8653 post DELETED
2023-01-12 21:44:13.711 | DEBUG    | src.session:_check_link:61 - https://vk.com/wall-30507977_8190 post DELETED
2023-01-12 21:44:14.040 | DEBUG    | src.session:_check_link:61 - https://vk.com/wall-30507977_8190 post DELETED
2023-01-12 21:44:14.608 | DEBUG    | src.session:_check_link:63 - https://vk.com/wall-131182_13603 post VALID
2023-01-12 21:44:14.801 | SUCCESS  | src.session:comment_posts:96 - {'comment_id': 13616, 'parents_stack': []} | wall-131182_13603 | Account: kos161rus@rambler.ru
2023-01-12 21:44:14.924 | DEBUG    | src.session:_check_link:63 - https://vk.com/wall-131182_13603 post VALID
2023-01-12 21:44:15.087 | SUCCESS  | src.session:comment_posts:96 - {'comment_id': 13617, 'parents_stack': []} | wall-131182_13603 | Account: +380508091700
