2023-01-12 21:17:13.551 | INFO     | src.session:captcha_handler:12 - Captacha detected. Solving... https://api.vk.com/captcha.php?sid=646524604054
2023-01-12 21:17:14.002 | INFO     | src.session:captcha_handler:20 - Captacha detected. Solving... https://api.vk.com/captcha.php?sid=646524604054, scumz
2023-01-12 21:17:14.495 | INFO     | src.session:captcha_handler:12 - Captacha detected. Solving... https://api.vk.com/captcha.php?sid=725848124491
2023-01-12 21:17:14.955 | INFO     | src.session:captcha_handler:20 - Captacha detected. Solving... https://api.vk.com/captcha.php?sid=725848124491, sp2v
2023-01-12 21:17:15.463 | INFO     | src.session:captcha_handler:12 - Captacha detected. Solving... https://api.vk.com/captcha.php?sid=756235661572
2023-01-12 21:17:15.874 | INFO     | src.session:captcha_handler:20 - Captacha detected. Solving... https://api.vk.com/captcha.php?sid=756235661572, d8qa8
2023-01-12 21:17:16.464 | INFO     | src.session:captcha_handler:12 - Captacha detected. Solving... https://api.vk.com/captcha.php?sid=407262692859
2023-01-12 21:17:16.859 | INFO     | src.session:captcha_handler:20 - Captacha detected. Solving... https://api.vk.com/captcha.php?sid=407262692859, hadv2
2023-01-12 21:17:17.344 | INFO     | src.session:captcha_handler:12 - Captacha detected. Solving... https://api.vk.com/captcha.php?sid=849423592314
2023-01-12 21:17:17.774 | INFO     | src.session:captcha_handler:20 - Captacha detected. Solving... https://api.vk.com/captcha.php?sid=849423592314, dehpx
2023-01-12 21:17:18.281 | INFO     | src.session:captcha_handler:12 - Captacha detected. Solving... https://api.vk.com/captcha.php?sid=679356411084
2023-01-12 21:17:18.655 | INFO     | src.session:captcha_handler:20 - Captacha detected. Solving... https://api.vk.com/captcha.php?sid=679356411084, dsax
2023-01-12 21:17:19.150 | INFO     | src.session:captcha_handler:12 - Captacha detected. Solving... https://api.vk.com/captcha.php?sid=413128637526
2023-01-12 21:17:19.583 | INFO     | src.session:captcha_handler:20 - Captacha detected. Solving... https://api.vk.com/captcha.php?sid=413128637526, vzh2
2023-01-12 21:17:20.088 | INFO     | src.session:captcha_handler:12 - Captacha detected. Solving... https://api.vk.com/captcha.php?sid=181443512620
2023-01-12 21:17:20.464 | INFO     | src.session:captcha_handler:20 - Captacha detected. Solving... https://api.vk.com/captcha.php?sid=181443512620, dy5v
2023-01-12 21:17:20.961 | INFO     | src.session:captcha_handler:12 - Captacha detected. Solving... https://api.vk.com/captcha.php?sid=412824360565
2023-01-12 21:17:21.330 | INFO     | src.session:captcha_handler:20 - Captacha detected. Solving... https://api.vk.com/captcha.php?sid=412824360565, dda44
2023-01-12 21:17:21.827 | INFO     | src.session:captcha_handler:12 - Captacha detected. Solving... https://api.vk.com/captcha.php?sid=790997170720
2023-01-12 21:17:22.232 | INFO     | src.session:captcha_handler:20 - Captacha detected. Solving... https://api.vk.com/captcha.php?sid=790997170720, hsmy
2023-01-12 21:17:22.719 | INFO     | src.session:captcha_handler:12 - Captacha detected. Solving... https://api.vk.com/captcha.php?sid=314795862092
2023-01-12 21:17:23.120 | INFO     | src.session:captcha_handler:20 - Captacha detected. Solving... https://api.vk.com/captcha.php?sid=314795862092, sv47h
2023-01-12 21:17:23.599 | INFO     | src.session:captcha_handler:12 - Captacha detected. Solving... https://api.vk.com/captcha.php?sid=814917334642
2023-01-12 21:17:23.995 | INFO     | src.session:captcha_handler:20 - Captacha detected. Solving... https://api.vk.com/captcha.php?sid=814917334642, smqz
2023-01-12 21:17:24.475 | INFO     | src.session:captcha_handler:12 - Captacha detected. Solving... https://api.vk.com/captcha.php?sid=611972583950
2023-01-12 21:17:24.921 | INFO     | src.session:captcha_handler:20 - Captacha detected. Solving... https://api.vk.com/captcha.php?sid=611972583950, dmqk
2023-01-12 21:17:25.738 | INFO     | src.session:captcha_handler:12 - Captacha detected. Solving... https://api.vk.com/captcha.php?sid=862989312658
2023-01-12 21:17:26.141 | INFO     | src.session:captcha_handler:20 - Captacha detected. Solving... https://api.vk.com/captcha.php?sid=862989312658, qksd
2023-01-12 21:17:26.714 | INFO     | src.session:captcha_handler:12 - Captacha detected. Solving... https://api.vk.com/captcha.php?sid=793227207581
2023-01-12 21:17:27.121 | INFO     | src.session:captcha_handler:20 - Captacha detected. Solving... https://api.vk.com/captcha.php?sid=793227207581, s8q4u
2023-01-12 21:17:27.719 | INFO     | src.session:captcha_handler:12 - Captacha detected. Solving... https://api.vk.com/captcha.php?sid=979166738075
2023-01-12 21:17:28.084 | INFO     | src.session:captcha_handler:20 - Captacha detected. Solving... https://api.vk.com/captcha.php?sid=979166738075, ddv87
2023-01-12 21:17:28.673 | INFO     | src.session:captcha_handler:12 - Captacha detected. Solving... https://api.vk.com/captcha.php?sid=787977790429
2023-01-12 21:17:29.091 | INFO     | src.session:captcha_handler:20 - Captacha detected. Solving... https://api.vk.com/captcha.php?sid=787977790429, d54d5
2023-01-12 21:17:29.583 | INFO     | src.session:captcha_handler:12 - Captacha detected. Solving... https://api.vk.com/captcha.php?sid=774846747072
2023-01-12 21:17:29.973 | INFO     | src.session:captcha_handler:20 - Captacha detected. Solving... https://api.vk.com/captcha.php?sid=774846747072, zvek
2023-01-12 21:17:30.468 | INFO     | src.session:captcha_handler:12 - Captacha detected. Solving... https://api.vk.com/captcha.php?sid=997833889966
2023-01-12 21:17:30.883 | INFO     | src.session:captcha_handler:20 - Captacha detected. Solving... https://api.vk.com/captcha.php?sid=997833889966, v5e7q
2023-01-12 21:17:31.388 | INFO     | src.session:captcha_handler:12 - Captacha detected. Solving... https://api.vk.com/captcha.php?sid=809495868262
2023-01-12 21:17:31.813 | INFO     | src.session:captcha_handler:20 - Captacha detected. Solving... https://api.vk.com/captcha.php?sid=809495868262, sd2sn
2023-01-12 21:17:32.333 | INFO     | src.session:captcha_handler:12 - Captacha detected. Solving... https://api.vk.com/captcha.php?sid=216662919600
2023-01-12 21:17:32.741 | INFO     | src.session:captcha_handler:20 - Captacha detected. Solving... https://api.vk.com/captcha.php?sid=216662919600, dmv5u
2023-01-12 21:17:33.270 | INFO     | src.session:captcha_handler:12 - Captacha detected. Solving... https://api.vk.com/captcha.php?sid=913807970531
2023-01-12 21:17:33.731 | INFO     | src.session:captcha_handler:20 - Captacha detected. Solving... https://api.vk.com/captcha.php?sid=913807970531, vyuzq
2023-01-12 21:17:34.306 | INFO     | src.session:captcha_handler:12 - Captacha detected. Solving... https://api.vk.com/captcha.php?sid=812109911520
2023-01-12 21:17:34.680 | INFO     | src.session:captcha_handler:20 - Captacha detected. Solving... https://api.vk.com/captcha.php?sid=812109911520, qemdn
2023-01-12 21:17:35.215 | INFO     | src.session:captcha_handler:12 - Captacha detected. Solving... https://api.vk.com/captcha.php?sid=691018588489
2023-01-12 21:17:35.910 | INFO     | src.session:captcha_handler:20 - Captacha detected. Solving... https://api.vk.com/captcha.php?sid=691018588489, qey5h
2023-01-12 21:17:36.415 | INFO     | src.session:captcha_handler:12 - Captacha detected. Solving... https://api.vk.com/captcha.php?sid=290746708500
2023-01-12 21:17:36.793 | INFO     | src.session:captcha_handler:20 - Captacha detected. Solving... https://api.vk.com/captcha.php?sid=290746708500, v5s4
2023-01-12 21:17:37.298 | INFO     | src.session:captcha_handler:12 - Captacha detected. Solving... https://api.vk.com/captcha.php?sid=290432526975
2023-01-12 21:17:37.669 | INFO     | src.session:captcha_handler:20 - Captacha detected. Solving... https://api.vk.com/captcha.php?sid=290432526975, z7h4m
2023-01-12 21:17:38.203 | INFO     | src.session:captcha_handler:12 - Captacha detected. Solving... https://api.vk.com/captcha.php?sid=676607195092
2023-01-12 21:17:38.574 | INFO     | src.session:captcha_handler:20 - Captacha detected. Solving... https://api.vk.com/captcha.php?sid=676607195092, z5ud
2023-01-12 21:17:39.106 | INFO     | src.session:captcha_handler:12 - Captacha detected. Solving... https://api.vk.com/captcha.php?sid=446247313551
